#! /usr/bin/vvp
:ivl_version "11.0 (stable)";
:ivl_delay_selection "TYPICAL";
:vpi_time_precision + 0;
:vpi_module "/usr/lib/x86_64-linux-gnu/ivl/system.vpi";
:vpi_module "/usr/lib/x86_64-linux-gnu/ivl/vhdl_sys.vpi";
:vpi_module "/usr/lib/x86_64-linux-gnu/ivl/vhdl_textio.vpi";
:vpi_module "/usr/lib/x86_64-linux-gnu/ivl/v2005_math.vpi";
:vpi_module "/usr/lib/x86_64-linux-gnu/ivl/va_math.vpi";
S_0x5e0db57ccdc0 .scope module, "Tester" "Tester" 2 3;
 .timescale 0 0;
P_0x5e0db57cd8c0 .param/l "stop_time" 0 2 9, +C4<00000000000000000000000001100100>;
v0x5e0db581bda0_0 .var "en", 0 0;
v0x5e0db581be60_0 .net "q", 0 0, v0x5e0db581b9a0_0;  1 drivers
v0x5e0db581bf30_0 .net "qn", 0 0, v0x5e0db581ba60_0;  1 drivers
v0x5e0db581c030_0 .var "r", 0 0;
v0x5e0db581c100_0 .var "s", 0 0;
S_0x5e0db57ccfa0 .scope module, "UUT" "sr_nand_en" 2 11, 3 1 0, S_0x5e0db57ccdc0;
 .timescale 0 0;
    .port_info 0 /INPUT 1 "en";
    .port_info 1 /INPUT 1 "s";
    .port_info 2 /INPUT 1 "r";
    .port_info 3 /OUTPUT 1 "q";
    .port_info 4 /OUTPUT 1 "qn";
v0x5e0db57ceba0_0 .net "en", 0 0, v0x5e0db581bda0_0;  1 drivers
v0x5e0db581b9a0_0 .var "q", 0 0;
v0x5e0db581ba60_0 .var "qn", 0 0;
v0x5e0db581bb30_0 .net "r", 0 0, v0x5e0db581c030_0;  1 drivers
v0x5e0db581bbf0_0 .net "s", 0 0, v0x5e0db581c100_0;  1 drivers
E_0x5e0db5808c60 .event edge, v0x5e0db57ceba0_0, v0x5e0db581bbf0_0, v0x5e0db581bb30_0;
    .scope S_0x5e0db57ccfa0;
T_0 ;
    %wait E_0x5e0db5808c60;
    %load/vec4 v0x5e0db57ceba0_0;
    %flag_set/vec4 8;
    %jmp/0xz  T_0.0, 8;
    %load/vec4 v0x5e0db581bbf0_0;
    %nor/r;
    %load/vec4 v0x5e0db581bb30_0;
    %and;
    %flag_set/vec4 8;
    %jmp/0xz  T_0.2, 8;
    %pushi/vec4 0, 0, 1;
    %store/vec4 v0x5e0db581b9a0_0, 0, 1;
    %pushi/vec4 1, 0, 1;
    %store/vec4 v0x5e0db581ba60_0, 0, 1;
    %jmp T_0.3;
T_0.2 ;
    %load/vec4 v0x5e0db581bbf0_0;
    %load/vec4 v0x5e0db581bb30_0;
    %nor/r;
    %and;
    %flag_set/vec4 8;
    %jmp/0xz  T_0.4, 8;
    %pushi/vec4 1, 0, 1;
    %store/vec4 v0x5e0db581b9a0_0, 0, 1;
    %pushi/vec4 0, 0, 1;
    %store/vec4 v0x5e0db581ba60_0, 0, 1;
    %jmp T_0.5;
T_0.4 ;
    %load/vec4 v0x5e0db581bbf0_0;
    %load/vec4 v0x5e0db581bb30_0;
    %and;
    %flag_set/vec4 8;
    %jmp/0xz  T_0.6, 8;
    %pushi/vec4 1, 1, 1;
    %store/vec4 v0x5e0db581b9a0_0, 0, 1;
    %pushi/vec4 1, 1, 1;
    %store/vec4 v0x5e0db581ba60_0, 0, 1;
T_0.6 ;
T_0.5 ;
T_0.3 ;
T_0.0 ;
    %jmp T_0;
    .thread T_0, $push;
    .scope S_0x5e0db57ccdc0;
T_1 ;
    %delay 100, 0;
    %vpi_call 2 13 "$finish" {0 0 0};
    %end;
    .thread T_1;
    .scope S_0x5e0db57ccdc0;
T_2 ;
    %pushi/vec4 0, 0, 1;
    %store/vec4 v0x5e0db581bda0_0, 0, 1;
    %pushi/vec4 0, 0, 1;
    %store/vec4 v0x5e0db581c100_0, 0, 1;
    %pushi/vec4 0, 0, 1;
    %store/vec4 v0x5e0db581c030_0, 0, 1;
    %delay 10, 0;
    %pushi/vec4 1, 0, 1;
    %store/vec4 v0x5e0db581bda0_0, 0, 1;
    %pushi/vec4 0, 0, 1;
    %store/vec4 v0x5e0db581c100_0, 0, 1;
    %pushi/vec4 0, 0, 1;
    %store/vec4 v0x5e0db581c030_0, 0, 1;
    %delay 10, 0;
    %pushi/vec4 1, 0, 1;
    %store/vec4 v0x5e0db581bda0_0, 0, 1;
    %pushi/vec4 0, 0, 1;
    %store/vec4 v0x5e0db581c100_0, 0, 1;
    %pushi/vec4 1, 0, 1;
    %store/vec4 v0x5e0db581c030_0, 0, 1;
    %delay 10, 0;
    %pushi/vec4 1, 0, 1;
    %store/vec4 v0x5e0db581bda0_0, 0, 1;
    %pushi/vec4 1, 0, 1;
    %store/vec4 v0x5e0db581c100_0, 0, 1;
    %pushi/vec4 0, 0, 1;
    %store/vec4 v0x5e0db581c030_0, 0, 1;
    %delay 10, 0;
    %pushi/vec4 1, 0, 1;
    %store/vec4 v0x5e0db581bda0_0, 0, 1;
    %pushi/vec4 1, 0, 1;
    %store/vec4 v0x5e0db581c100_0, 0, 1;
    %pushi/vec4 1, 0, 1;
    %store/vec4 v0x5e0db581c030_0, 0, 1;
    %end;
    .thread T_2;
# The file index is used to find the file name in the following table.
:file_names 4;
    "N/A";
    "<interactive>";
    "test_nand_en.v";
    "./SR_NAND_en.v";
