#! /usr/bin/vvp
:ivl_version "11.0 (stable)";
:ivl_delay_selection "TYPICAL";
:vpi_time_precision + 0;
:vpi_module "/usr/lib/x86_64-linux-gnu/ivl/system.vpi";
:vpi_module "/usr/lib/x86_64-linux-gnu/ivl/vhdl_sys.vpi";
:vpi_module "/usr/lib/x86_64-linux-gnu/ivl/vhdl_textio.vpi";
:vpi_module "/usr/lib/x86_64-linux-gnu/ivl/v2005_math.vpi";
:vpi_module "/usr/lib/x86_64-linux-gnu/ivl/va_math.vpi";
S_0x57665889ccf0 .scope module, "Tester" "Tester" 2 3;
 .timescale 0 0;
P_0x57665889ce80 .param/l "stop_time" 0 2 7, +C4<00000000000000000000000001100100>;
v0x576658900e00_0 .var "A", 0 0;
v0x576658900ec0_0 .var "B", 0 0;
v0x576658900f90_0 .var "Cin", 0 0;
v0x576658901090_0 .net "Cout", 0 0, L_0x5766589050b0;  1 drivers
v0x576658901160_0 .net "S", 0 0, L_0x576658904c80;  1 drivers
S_0x57665889cf20 .scope module, "UUT" "fa_decoder" 2 9, 3 3 0, S_0x57665889ccf0;
 .timescale 0 0;
    .port_info 0 /INPUT 1 "A";
    .port_info 1 /INPUT 1 "B";
    .port_info 2 /INPUT 1 "Cin";
    .port_info 3 /OUTPUT 1 "S";
    .port_info 4 /OUTPUT 1 "Cout";
L_0x576658904c80 .functor OR 1, L_0x576658904d40, L_0x576658904e30, L_0x576658904f20, L_0x576658904fc0;
L_0x5766589050b0 .functor OR 1, L_0x576658905170, L_0x5766589052a0, L_0x576658905390, L_0x5766589054d0;
v0x5766589001f0_0 .net "A", 0 0, v0x576658900e00_0;  1 drivers
v0x5766589002b0_0 .net "B", 0 0, v0x576658900ec0_0;  1 drivers
v0x576658900370_0 .net "Cin", 0 0, v0x576658900f90_0;  1 drivers
v0x576658900410_0 .net "Cout", 0 0, L_0x5766589050b0;  alias, 1 drivers
v0x5766589004d0_0 .net "S", 0 0, L_0x576658904c80;  alias, 1 drivers
v0x576658900590_0 .net "W", 7 0, L_0x576658904150;  1 drivers
v0x576658900650_0 .net *"_ivl_10", 0 0, L_0x576658904fc0;  1 drivers
v0x576658900710_0 .net *"_ivl_13", 0 0, L_0x576658905170;  1 drivers
v0x5766589007f0_0 .net *"_ivl_15", 0 0, L_0x5766589052a0;  1 drivers
v0x5766589008d0_0 .net *"_ivl_17", 0 0, L_0x576658905390;  1 drivers
v0x5766589009b0_0 .net *"_ivl_19", 0 0, L_0x5766589054d0;  1 drivers
v0x576658900a90_0 .net *"_ivl_4", 0 0, L_0x576658904d40;  1 drivers
v0x576658900b70_0 .net *"_ivl_6", 0 0, L_0x576658904e30;  1 drivers
v0x576658900c50_0 .net *"_ivl_8", 0 0, L_0x576658904f20;  1 drivers
L_0x576658904af0 .concat [ 1 1 1 0], v0x576658900f90_0, v0x576658900ec0_0, v0x576658900e00_0;
L_0x576658904d40 .part L_0x576658904150, 1, 1;
L_0x576658904e30 .part L_0x576658904150, 2, 1;
L_0x576658904f20 .part L_0x576658904150, 4, 1;
L_0x576658904fc0 .part L_0x576658904150, 7, 1;
L_0x576658905170 .part L_0x576658904150, 3, 1;
L_0x5766589052a0 .part L_0x576658904150, 5, 1;
L_0x576658905390 .part L_0x576658904150, 6, 1;
L_0x5766589054d0 .part L_0x576658904150, 7, 1;
S_0x5766588d9020 .scope module, "D" "decoder_threeEight" 3 5, 4 1 0, S_0x57665889cf20;
 .timescale 0 0;
    .port_info 0 /INPUT 3 "inp";
    .port_info 1 /OUTPUT 8 "out";
L_0x576658901200 .functor AND 1, L_0x576658901460, L_0x576658901690, L_0x5766589018a0, C4<1>;
L_0x576658901a20 .functor AND 1, L_0x576658901b30, L_0x576658901d10, L_0x576658901eb0, C4<1>;
L_0x576658901f50 .functor AND 1, L_0x576658902130, L_0x576658902270, L_0x576658902480, C4<1>;
L_0x5766589020c0 .functor AND 1, L_0x576658902780, L_0x576658902960, L_0x576658902a50, C4<1>;
L_0x576658902bf0 .functor AND 1, L_0x5766589028c0, L_0x576658902e40, L_0x5766589030f0, C4<1>;
L_0x576658903230 .functor AND 1, L_0x576658903340, L_0x5766589037c0, L_0x5766589039f0, C4<1>;
L_0x576658903ae0 .functor AND 1, L_0x576658903b80, L_0x576658903d70, L_0x576658904010, C4<1>;
L_0x5766589045e0 .functor AND 1, L_0x5766589046f0, L_0x5766589047e0, L_0x576658904a00, C4<1>;
v0x5766588d9200_0 .net *"_ivl_1", 0 0, L_0x576658901200;  1 drivers
v0x5766588fd940_0 .net *"_ivl_10", 0 0, L_0x576658901690;  1 drivers
v0x5766588fda00_0 .net *"_ivl_12", 0 0, L_0x576658901800;  1 drivers
v0x5766588fdaf0_0 .net *"_ivl_14", 0 0, L_0x5766589018a0;  1 drivers
v0x5766588fdbb0_0 .net *"_ivl_16", 0 0, L_0x576658901a20;  1 drivers
v0x5766588fdce0_0 .net *"_ivl_19", 0 0, L_0x576658901a90;  1 drivers
v0x5766588fddc0_0 .net *"_ivl_21", 0 0, L_0x576658901b30;  1 drivers
v0x5766588fde80_0 .net *"_ivl_23", 0 0, L_0x576658901c70;  1 drivers
v0x5766588fdf60_0 .net *"_ivl_25", 0 0, L_0x576658901d10;  1 drivers
v0x5766588fe020_0 .net *"_ivl_27", 0 0, L_0x576658901eb0;  1 drivers
v0x5766588fe100_0 .net *"_ivl_29", 0 0, L_0x576658901f50;  1 drivers
v0x5766588fe1e0_0 .net *"_ivl_32", 0 0, L_0x576658901ff0;  1 drivers
v0x5766588fe2c0_0 .net *"_ivl_34", 0 0, L_0x576658902130;  1 drivers
v0x5766588fe380_0 .net *"_ivl_36", 0 0, L_0x576658902270;  1 drivers
v0x5766588fe460_0 .net *"_ivl_38", 0 0, L_0x5766589023e0;  1 drivers
v0x5766588fe540_0 .net *"_ivl_4", 0 0, L_0x576658901360;  1 drivers
v0x5766588fe620_0 .net *"_ivl_40", 0 0, L_0x576658902480;  1 drivers
v0x5766588fe6e0_0 .net *"_ivl_42", 0 0, L_0x5766589020c0;  1 drivers
v0x5766588fe7c0_0 .net *"_ivl_45", 0 0, L_0x5766589026b0;  1 drivers
v0x5766588fe8a0_0 .net *"_ivl_47", 0 0, L_0x576658902780;  1 drivers
v0x5766588fe960_0 .net *"_ivl_49", 0 0, L_0x576658902960;  1 drivers
v0x5766588fea40_0 .net *"_ivl_51", 0 0, L_0x576658902a50;  1 drivers
v0x5766588feb20_0 .net *"_ivl_53", 0 0, L_0x576658902bf0;  1 drivers
v0x5766588fec00_0 .net *"_ivl_56", 0 0, L_0x5766589028c0;  1 drivers
v0x5766588fece0_0 .net *"_ivl_58", 0 0, L_0x576658902ce0;  1 drivers
v0x5766588fedc0_0 .net *"_ivl_6", 0 0, L_0x576658901460;  1 drivers
v0x5766588fee80_0 .net *"_ivl_60", 0 0, L_0x576658902e40;  1 drivers
v0x5766588fef40_0 .net *"_ivl_62", 0 0, L_0x576658902f80;  1 drivers
v0x5766588ff020_0 .net *"_ivl_64", 0 0, L_0x5766589030f0;  1 drivers
v0x5766588ff0e0_0 .net *"_ivl_66", 0 0, L_0x576658903230;  1 drivers
v0x5766588ff1c0_0 .net *"_ivl_69", 0 0, L_0x576658903340;  1 drivers
v0x5766588ff2a0_0 .net *"_ivl_71", 0 0, L_0x576658903720;  1 drivers
v0x5766588ff380_0 .net *"_ivl_73", 0 0, L_0x5766589037c0;  1 drivers
v0x5766588ff650_0 .net *"_ivl_75", 0 0, L_0x5766589039f0;  1 drivers
v0x5766588ff730_0 .net *"_ivl_77", 0 0, L_0x576658903ae0;  1 drivers
v0x5766588ff810_0 .net *"_ivl_8", 0 0, L_0x5766589015a0;  1 drivers
v0x5766588ff8f0_0 .net *"_ivl_80", 0 0, L_0x576658903b80;  1 drivers
v0x5766588ff9d0_0 .net *"_ivl_82", 0 0, L_0x576658903d70;  1 drivers
v0x5766588ffab0_0 .net *"_ivl_84", 0 0, L_0x576658903e60;  1 drivers
v0x5766588ffb90_0 .net *"_ivl_86", 0 0, L_0x576658904010;  1 drivers
v0x5766588ffc50_0 .net *"_ivl_88", 0 0, L_0x5766589045e0;  1 drivers
v0x5766588ffd30_0 .net *"_ivl_92", 0 0, L_0x5766589046f0;  1 drivers
v0x5766588ffe10_0 .net *"_ivl_94", 0 0, L_0x5766589047e0;  1 drivers
v0x5766588ffef0_0 .net *"_ivl_96", 0 0, L_0x576658904a00;  1 drivers
v0x5766588fffd0_0 .net "inp", 2 0, L_0x576658904af0;  1 drivers
v0x5766589000b0_0 .net "out", 7 0, L_0x576658904150;  alias, 1 drivers
L_0x576658901360 .part L_0x576658904af0, 0, 1;
L_0x576658901460 .reduce/nor L_0x576658901360;
L_0x5766589015a0 .part L_0x576658904af0, 1, 1;
L_0x576658901690 .reduce/nor L_0x5766589015a0;
L_0x576658901800 .part L_0x576658904af0, 2, 1;
L_0x5766589018a0 .reduce/nor L_0x576658901800;
L_0x576658901a90 .part L_0x576658904af0, 0, 1;
L_0x576658901b30 .reduce/nor L_0x576658901a90;
L_0x576658901c70 .part L_0x576658904af0, 1, 1;
L_0x576658901d10 .reduce/nor L_0x576658901c70;
L_0x576658901eb0 .part L_0x576658904af0, 2, 1;
L_0x576658901ff0 .part L_0x576658904af0, 0, 1;
L_0x576658902130 .reduce/nor L_0x576658901ff0;
L_0x576658902270 .part L_0x576658904af0, 1, 1;
L_0x5766589023e0 .part L_0x576658904af0, 2, 1;
L_0x576658902480 .reduce/nor L_0x5766589023e0;
L_0x5766589026b0 .part L_0x576658904af0, 0, 1;
L_0x576658902780 .reduce/nor L_0x5766589026b0;
L_0x576658902960 .part L_0x576658904af0, 1, 1;
L_0x576658902a50 .part L_0x576658904af0, 2, 1;
L_0x5766589028c0 .part L_0x576658904af0, 0, 1;
L_0x576658902ce0 .part L_0x576658904af0, 1, 1;
L_0x576658902e40 .reduce/nor L_0x576658902ce0;
L_0x576658902f80 .part L_0x576658904af0, 2, 1;
L_0x5766589030f0 .reduce/nor L_0x576658902f80;
L_0x576658903340 .part L_0x576658904af0, 0, 1;
L_0x576658903720 .part L_0x576658904af0, 1, 1;
L_0x5766589037c0 .reduce/nor L_0x576658903720;
L_0x5766589039f0 .part L_0x576658904af0, 2, 1;
L_0x576658903b80 .part L_0x576658904af0, 0, 1;
L_0x576658903d70 .part L_0x576658904af0, 1, 1;
L_0x576658903e60 .part L_0x576658904af0, 2, 1;
L_0x576658904010 .reduce/nor L_0x576658903e60;
LS_0x576658904150_0_0 .concat8 [ 1 1 1 1], L_0x576658901200, L_0x576658901a20, L_0x576658901f50, L_0x5766589020c0;
LS_0x576658904150_0_4 .concat8 [ 1 1 1 1], L_0x576658902bf0, L_0x576658903230, L_0x576658903ae0, L_0x5766589045e0;
L_0x576658904150 .concat8 [ 4 4 0 0], LS_0x576658904150_0_0, LS_0x576658904150_0_4;
L_0x5766589046f0 .part L_0x576658904af0, 0, 1;
L_0x5766589047e0 .part L_0x576658904af0, 1, 1;
L_0x576658904a00 .part L_0x576658904af0, 2, 1;
    .scope S_0x57665889ccf0;
T_0 ;
    %delay 100, 0;
    %vpi_call 2 17 "$finish" {0 0 0};
    %end;
    .thread T_0;
    .scope S_0x57665889ccf0;
T_1 ;
    %pushi/vec4 0, 0, 1;
    %store/vec4 v0x576658900e00_0, 0, 1;
    %pushi/vec4 0, 0, 1;
    %store/vec4 v0x576658900ec0_0, 0, 1;
    %pushi/vec4 0, 0, 1;
    %store/vec4 v0x576658900f90_0, 0, 1;
    %delay 10, 0;
    %pushi/vec4 0, 0, 1;
    %store/vec4 v0x576658900e00_0, 0, 1;
    %pushi/vec4 0, 0, 1;
    %store/vec4 v0x576658900ec0_0, 0, 1;
    %pushi/vec4 1, 0, 1;
    %store/vec4 v0x576658900f90_0, 0, 1;
    %delay 10, 0;
    %pushi/vec4 0, 0, 1;
    %store/vec4 v0x576658900e00_0, 0, 1;
    %pushi/vec4 1, 0, 1;
    %store/vec4 v0x576658900ec0_0, 0, 1;
    %pushi/vec4 0, 0, 1;
    %store/vec4 v0x576658900f90_0, 0, 1;
    %delay 10, 0;
    %pushi/vec4 0, 0, 1;
    %store/vec4 v0x576658900e00_0, 0, 1;
    %pushi/vec4 1, 0, 1;
    %store/vec4 v0x576658900ec0_0, 0, 1;
    %pushi/vec4 1, 0, 1;
    %store/vec4 v0x576658900f90_0, 0, 1;
    %delay 10, 0;
    %pushi/vec4 1, 0, 1;
    %store/vec4 v0x576658900e00_0, 0, 1;
    %pushi/vec4 0, 0, 1;
    %store/vec4 v0x576658900ec0_0, 0, 1;
    %pushi/vec4 0, 0, 1;
    %store/vec4 v0x576658900f90_0, 0, 1;
    %delay 10, 0;
    %pushi/vec4 1, 0, 1;
    %store/vec4 v0x576658900e00_0, 0, 1;
    %pushi/vec4 0, 0, 1;
    %store/vec4 v0x576658900ec0_0, 0, 1;
    %pushi/vec4 1, 0, 1;
    %store/vec4 v0x576658900f90_0, 0, 1;
    %delay 10, 0;
    %pushi/vec4 1, 0, 1;
    %store/vec4 v0x576658900e00_0, 0, 1;
    %pushi/vec4 1, 0, 1;
    %store/vec4 v0x576658900ec0_0, 0, 1;
    %pushi/vec4 0, 0, 1;
    %store/vec4 v0x576658900f90_0, 0, 1;
    %delay 10, 0;
    %pushi/vec4 1, 0, 1;
    %store/vec4 v0x576658900e00_0, 0, 1;
    %pushi/vec4 1, 0, 1;
    %store/vec4 v0x576658900ec0_0, 0, 1;
    %pushi/vec4 1, 0, 1;
    %store/vec4 v0x576658900f90_0, 0, 1;
    %end;
    .thread T_1;
    .scope S_0x57665889ccf0;
T_2 ;
    %vpi_call 2 46 "$monitor", "A = %b B = %b Cin = %b | S = %b Cout = %b", v0x576658900e00_0, v0x576658900ec0_0, v0x576658900f90_0, v0x576658901160_0, v0x576658901090_0 {0 0 0};
    %end;
    .thread T_2;
# The file index is used to find the file name in the following table.
:file_names 5;
    "N/A";
    "<interactive>";
    "testbench.v";
    "./fullAdder.v";
    "./decoder38.v";
