#! /usr/bin/vvp
:ivl_version "11.0 (stable)";
:ivl_delay_selection "TYPICAL";
:vpi_time_precision + 0;
:vpi_module "/usr/lib/x86_64-linux-gnu/ivl/system.vpi";
:vpi_module "/usr/lib/x86_64-linux-gnu/ivl/vhdl_sys.vpi";
:vpi_module "/usr/lib/x86_64-linux-gnu/ivl/vhdl_textio.vpi";
:vpi_module "/usr/lib/x86_64-linux-gnu/ivl/v2005_math.vpi";
:vpi_module "/usr/lib/x86_64-linux-gnu/ivl/va_math.vpi";
S_0x576077644b70 .scope module, "Tester" "Tester" 2 3;
 .timescale 0 0;
P_0x576077644d00 .param/l "stop_time" 0 2 8, +C4<00000000000000000000000001011010>;
v0x57607765dae0_0 .var "inp", 7 0;
v0x57607765dba0_0 .net "out", 7 0, L_0x57607765ea90;  1 drivers
S_0x576077644da0 .scope module, "UUT" "Code" 2 10, 3 1 0, S_0x576077644b70;
 .timescale 0 0;
    .port_info 0 /INPUT 8 "inp";
    .port_info 1 /OUTPUT 8 "out";
L_0x7eb86a1b7018 .functor BUFT 1, C4<0>, C4<0>, C4<0>, C4<0>;
L_0x57607765dc70 .functor OR 1, L_0x7eb86a1b7018, L_0x57607765dd70, C4<0>, C4<0>;
L_0x7eb86a1b7060 .functor BUFT 1, C4<0>, C4<0>, C4<0>, C4<0>;
L_0x57607765deb0 .functor OR 1, L_0x7eb86a1b7060, L_0x57607765df90, C4<0>, C4<0>;
L_0x7eb86a1b70a8 .functor BUFT 1, C4<0>, C4<0>, C4<0>, C4<0>;
L_0x57607765e080 .functor OR 1, L_0x7eb86a1b70a8, L_0x57607765e170, C4<0>, C4<0>;
L_0x7eb86a1b70f0 .functor BUFT 1, C4<0>, C4<0>, C4<0>, C4<0>;
L_0x57607765e260 .functor OR 1, L_0x7eb86a1b70f0, L_0x57607765e360, C4<0>, C4<0>;
L_0x7eb86a1b7138 .functor BUFT 1, C4<0>, C4<0>, C4<0>, C4<0>;
L_0x57607765e480 .functor OR 1, L_0x7eb86a1b7138, L_0x57607765e5c0, C4<0>, C4<0>;
L_0x7eb86a1b7180 .functor BUFT 1, C4<0>, C4<0>, C4<0>, C4<0>;
L_0x57607765e6b0 .functor OR 1, L_0x7eb86a1b7180, L_0x57607765e7b0, C4<0>, C4<0>;
L_0x7eb86a1b71c8 .functor BUFT 1, C4<0>, C4<0>, C4<0>, C4<0>;
L_0x57607765e8e0 .functor OR 1, L_0x7eb86a1b71c8, L_0x57607765e9a0, C4<0>, C4<0>;
L_0x7eb86a1b7210 .functor BUFT 1, C4<0>, C4<0>, C4<0>, C4<0>;
L_0x57607765ee50 .functor OR 1, L_0x7eb86a1b7210, L_0x57607765efb0, C4<0>, C4<0>;
v0x576077631090_0 .net *"_ivl_1", 0 0, L_0x57607765dc70;  1 drivers
v0x5760776304f0_0 .net/2u *"_ivl_10", 0 0, L_0x7eb86a1b7060;  1 drivers
v0x57607762f950_0 .net *"_ivl_13", 0 0, L_0x57607765df90;  1 drivers
v0x57607760b7b0_0 .net *"_ivl_15", 0 0, L_0x57607765e080;  1 drivers
v0x57607765c6f0_0 .net/2u *"_ivl_17", 0 0, L_0x7eb86a1b70a8;  1 drivers
v0x57607765c820_0 .net *"_ivl_20", 0 0, L_0x57607765e170;  1 drivers
v0x57607765c900_0 .net *"_ivl_22", 0 0, L_0x57607765e260;  1 drivers
v0x57607765c9e0_0 .net/2u *"_ivl_24", 0 0, L_0x7eb86a1b70f0;  1 drivers
v0x57607765cac0_0 .net *"_ivl_27", 0 0, L_0x57607765e360;  1 drivers
v0x57607765cba0_0 .net *"_ivl_29", 0 0, L_0x57607765e480;  1 drivers
v0x57607765cc80_0 .net/2u *"_ivl_3", 0 0, L_0x7eb86a1b7018;  1 drivers
v0x57607765cd60_0 .net/2u *"_ivl_31", 0 0, L_0x7eb86a1b7138;  1 drivers
v0x57607765ce40_0 .net *"_ivl_34", 0 0, L_0x57607765e5c0;  1 drivers
v0x57607765cf20_0 .net *"_ivl_36", 0 0, L_0x57607765e6b0;  1 drivers
v0x57607765d000_0 .net/2u *"_ivl_38", 0 0, L_0x7eb86a1b7180;  1 drivers
v0x57607765d0e0_0 .net *"_ivl_41", 0 0, L_0x57607765e7b0;  1 drivers
v0x57607765d1c0_0 .net *"_ivl_43", 0 0, L_0x57607765e8e0;  1 drivers
v0x57607765d2a0_0 .net/2u *"_ivl_45", 0 0, L_0x7eb86a1b71c8;  1 drivers
v0x57607765d380_0 .net *"_ivl_48", 0 0, L_0x57607765e9a0;  1 drivers
v0x57607765d460_0 .net *"_ivl_50", 0 0, L_0x57607765ee50;  1 drivers
v0x57607765d540_0 .net/2u *"_ivl_53", 0 0, L_0x7eb86a1b7210;  1 drivers
v0x57607765d620_0 .net *"_ivl_56", 0 0, L_0x57607765efb0;  1 drivers
v0x57607765d700_0 .net *"_ivl_6", 0 0, L_0x57607765dd70;  1 drivers
v0x57607765d7e0_0 .net *"_ivl_8", 0 0, L_0x57607765deb0;  1 drivers
v0x57607765d8c0_0 .net "inp", 7 0, v0x57607765dae0_0;  1 drivers
v0x57607765d9a0_0 .net "out", 7 0, L_0x57607765ea90;  alias, 1 drivers
L_0x57607765dd70 .part v0x57607765dae0_0, 0, 1;
L_0x57607765df90 .part v0x57607765dae0_0, 1, 1;
L_0x57607765e170 .part v0x57607765dae0_0, 2, 1;
L_0x57607765e360 .part v0x57607765dae0_0, 3, 1;
L_0x57607765e5c0 .part v0x57607765dae0_0, 4, 1;
L_0x57607765e7b0 .part v0x57607765dae0_0, 5, 1;
L_0x57607765e9a0 .part v0x57607765dae0_0, 6, 1;
LS_0x57607765ea90_0_0 .concat8 [ 1 1 1 1], L_0x57607765dc70, L_0x57607765deb0, L_0x57607765e080, L_0x57607765e260;
LS_0x57607765ea90_0_4 .concat8 [ 1 1 1 1], L_0x57607765e480, L_0x57607765e6b0, L_0x57607765e8e0, L_0x57607765ee50;
L_0x57607765ea90 .concat8 [ 4 4 0 0], LS_0x57607765ea90_0_0, LS_0x57607765ea90_0_4;
L_0x57607765efb0 .part v0x57607765dae0_0, 7, 1;
    .scope S_0x576077644b70;
T_0 ;
    %delay 90, 0;
    %vpi_call 2 12 "$finish" {0 0 0};
    %end;
    .thread T_0;
    .scope S_0x576077644b70;
T_1 ;
    %pushi/vec4 0, 0, 8;
    %store/vec4 v0x57607765dae0_0, 0, 8;
    %delay 10, 0;
    %pushi/vec4 1, 0, 8;
    %store/vec4 v0x57607765dae0_0, 0, 8;
    %delay 10, 0;
    %pushi/vec4 2, 0, 8;
    %store/vec4 v0x57607765dae0_0, 0, 8;
    %delay 10, 0;
    %pushi/vec4 3, 0, 8;
    %store/vec4 v0x57607765dae0_0, 0, 8;
    %delay 10, 0;
    %pushi/vec4 4, 0, 8;
    %store/vec4 v0x57607765dae0_0, 0, 8;
    %delay 10, 0;
    %pushi/vec4 5, 0, 8;
    %store/vec4 v0x57607765dae0_0, 0, 8;
    %delay 10, 0;
    %pushi/vec4 6, 0, 8;
    %store/vec4 v0x57607765dae0_0, 0, 8;
    %delay 10, 0;
    %pushi/vec4 7, 0, 8;
    %store/vec4 v0x57607765dae0_0, 0, 8;
    %end;
    .thread T_1;
    .scope S_0x576077644b70;
T_2 ;
    %vpi_call 2 25 "$monitor", "Time = %0d , Input = %0o | Output = %3b", $time, v0x57607765dae0_0, v0x57607765dba0_0 {0 0 0};
    %end;
    .thread T_2;
# The file index is used to find the file name in the following table.
:file_names 4;
    "N/A";
    "<interactive>";
    "testbench.v";
    "./module.v";
