#! /usr/bin/vvp
:ivl_version "11.0 (stable)";
:ivl_delay_selection "TYPICAL";
:vpi_time_precision + 0;
:vpi_module "/usr/lib/x86_64-linux-gnu/ivl/system.vpi";
:vpi_module "/usr/lib/x86_64-linux-gnu/ivl/vhdl_sys.vpi";
:vpi_module "/usr/lib/x86_64-linux-gnu/ivl/vhdl_textio.vpi";
:vpi_module "/usr/lib/x86_64-linux-gnu/ivl/v2005_math.vpi";
:vpi_module "/usr/lib/x86_64-linux-gnu/ivl/va_math.vpi";
S_0x64a6da253a40 .scope module, "Tester" "Tester" 2 2;
 .timescale 0 0;
P_0x64a6da253bd0 .param/l "stop_time" 0 2 7, +C4<00000000000000000000000001100100>;
v0x64a6da266a60_0 .var "I", 2 0;
v0x64a6da266b50_0 .net "Y", 7 0, v0x64a6da266920_0;  1 drivers
S_0x64a6da253c70 .scope module, "UUT" "Code" 2 8, 3 1 0, S_0x64a6da253a40;
 .timescale 0 0;
    .port_info 0 /INPUT 3 "inp";
    .port_info 1 /OUTPUT 8 "out";
v0x64a6da21aba0_0 .net "inp", 2 0, v0x64a6da266a60_0;  1 drivers
v0x64a6da266920_0 .var "out", 7 0;
E_0x64a6da2198d0 .event edge, v0x64a6da21aba0_0;
    .scope S_0x64a6da253c70;
T_0 ;
    %wait E_0x64a6da2198d0;
    %load/vec4 v0x64a6da21aba0_0;
    %cmpi/e 0, 0, 3;
    %jmp/0xz  T_0.0, 4;
    %pushi/vec4 1, 0, 8;
    %store/vec4 v0x64a6da266920_0, 0, 8;
    %jmp T_0.1;
T_0.0 ;
    %load/vec4 v0x64a6da21aba0_0;
    %cmpi/e 1, 0, 3;
    %jmp/0xz  T_0.2, 4;
    %pushi/vec4 2, 0, 8;
    %store/vec4 v0x64a6da266920_0, 0, 8;
    %jmp T_0.3;
T_0.2 ;
    %load/vec4 v0x64a6da21aba0_0;
    %cmpi/e 2, 0, 3;
    %jmp/0xz  T_0.4, 4;
    %pushi/vec4 4, 0, 8;
    %store/vec4 v0x64a6da266920_0, 0, 8;
    %jmp T_0.5;
T_0.4 ;
    %load/vec4 v0x64a6da21aba0_0;
    %cmpi/e 3, 0, 3;
    %jmp/0xz  T_0.6, 4;
    %pushi/vec4 8, 0, 8;
    %store/vec4 v0x64a6da266920_0, 0, 8;
    %jmp T_0.7;
T_0.6 ;
    %load/vec4 v0x64a6da21aba0_0;
    %cmpi/e 4, 0, 3;
    %jmp/0xz  T_0.8, 4;
    %pushi/vec4 16, 0, 8;
    %store/vec4 v0x64a6da266920_0, 0, 8;
    %jmp T_0.9;
T_0.8 ;
    %load/vec4 v0x64a6da21aba0_0;
    %cmpi/e 5, 0, 3;
    %jmp/0xz  T_0.10, 4;
    %pushi/vec4 32, 0, 8;
    %store/vec4 v0x64a6da266920_0, 0, 8;
    %jmp T_0.11;
T_0.10 ;
    %load/vec4 v0x64a6da21aba0_0;
    %cmpi/e 6, 0, 3;
    %jmp/0xz  T_0.12, 4;
    %pushi/vec4 64, 0, 8;
    %store/vec4 v0x64a6da266920_0, 0, 8;
    %jmp T_0.13;
T_0.12 ;
    %load/vec4 v0x64a6da21aba0_0;
    %cmpi/e 7, 0, 3;
    %jmp/0xz  T_0.14, 4;
    %pushi/vec4 128, 0, 8;
    %store/vec4 v0x64a6da266920_0, 0, 8;
T_0.14 ;
T_0.13 ;
T_0.11 ;
T_0.9 ;
T_0.7 ;
T_0.5 ;
T_0.3 ;
T_0.1 ;
    %jmp T_0;
    .thread T_0, $push;
    .scope S_0x64a6da253a40;
T_1 ;
    %delay 100, 0;
    %vpi_call 2 13 "$finish" {0 0 0};
    %end;
    .thread T_1;
    .scope S_0x64a6da253a40;
T_2 ;
    %pushi/vec4 0, 0, 3;
    %store/vec4 v0x64a6da266a60_0, 0, 3;
    %delay 10, 0;
    %pushi/vec4 1, 0, 3;
    %store/vec4 v0x64a6da266a60_0, 0, 3;
    %delay 10, 0;
    %pushi/vec4 2, 0, 3;
    %store/vec4 v0x64a6da266a60_0, 0, 3;
    %delay 10, 0;
    %pushi/vec4 3, 0, 3;
    %store/vec4 v0x64a6da266a60_0, 0, 3;
    %delay 10, 0;
    %pushi/vec4 4, 0, 3;
    %store/vec4 v0x64a6da266a60_0, 0, 3;
    %delay 10, 0;
    %pushi/vec4 5, 0, 3;
    %store/vec4 v0x64a6da266a60_0, 0, 3;
    %delay 10, 0;
    %pushi/vec4 6, 0, 3;
    %store/vec4 v0x64a6da266a60_0, 0, 3;
    %delay 10, 0;
    %pushi/vec4 7, 0, 3;
    %store/vec4 v0x64a6da266a60_0, 0, 3;
    %end;
    .thread T_2;
    .scope S_0x64a6da253a40;
T_3 ;
    %vpi_call 2 26 "$monitor", "I = %b | Y = %b", v0x64a6da266a60_0, v0x64a6da266b50_0 {0 0 0};
    %end;
    .thread T_3;
# The file index is used to find the file name in the following table.
:file_names 4;
    "N/A";
    "<interactive>";
    "testbench.v";
    "./behavioural.v";
